2024-08-25 14:27:18,624 [INFO] Activator:176 - 


2024-08-25 14:27:18,626 [INFO] Activator:177 - !SESSION log4j initialized
2024-08-25 14:27:23,160 [INFO] LogOutputStream:77 - [STDOUT_REDIRECT] 
2024-08-25 14:27:23,828 [INFO] ApplicationProperties:184 - Using Application install path: O:\01. Programs\STMcube\STM32CubeIDE_1.14.0\STM32CubeIDE\plugins\com.st.stm32cube.common.mx_6.12.0.202406281431
2024-08-25 14:27:23,854 [INFO] DbMcusXml:78 - Set database path to: O:\01. Programs\STMcube\STM32CubeIDE_1.14.0\STM32CubeIDE\plugins\com.st.stm32cube.common.mx_6.12.0.202406281431\\db\/mcu/
2024-08-25 14:27:23,854 [INFO] ApiDb:274 - Set plugin database path to: O:\01. Programs\STMcube\STM32CubeIDE_1.14.0\STM32CubeIDE\plugins\com.st.stm32cube.common.mx_6.12.0.202406281431\\db\/plugins/boardmanager/
2024-08-25 14:27:23,855 [WARN] ApiDb:259 - Overriding images path with different value:  => O:\01. Programs\STMcube\STM32CubeIDE_1.14.0\STM32CubeIDE\plugins\com.st.stm32cube.common.mx_6.12.0.202406281431\\db\/plugins/mcufinder/images/
2024-08-25 14:27:23,860 [INFO] ApiDb:250 - Set database path to: C:\Users\ahmed\.stmcufinder\plugins\mcufinder//mcu/
2024-08-25 14:27:23,861 [INFO] DbMcusAds:125 - Set database path to: C:\Users\ahmed\.stmcufinder\plugins\mcufinder//mcu/
2024-08-25 14:27:23,863 [INFO] CrossReferenceDbSqlite:203 - Set database path to: C:\Users\ahmed\.stmcufinder\plugins\mcufinder//mcu/cs/
2024-08-25 14:27:23,956 [INFO] RulesReader:64 - Compatibility file has been processed (297 Rules)
2024-08-25 14:27:24,023 [INFO] DbMcusXml:78 - Set database path to: O:\01. Programs\STMcube\STM32CubeIDE_1.14.0\STM32CubeIDE\plugins\com.st.stm32cube.common.mx_6.12.0.202406281431\\db\/mcu/
2024-08-25 14:27:24,024 [INFO] ApiDb:274 - Set plugin database path to: O:\01. Programs\STMcube\STM32CubeIDE_1.14.0\STM32CubeIDE\plugins\com.st.stm32cube.common.mx_6.12.0.202406281431\\db\/plugins/boardmanager/
2024-08-25 14:27:24,024 [INFO] ApiDb:261 - Set plugin images path to: O:\01. Programs\STMcube\STM32CubeIDE_1.14.0\STM32CubeIDE\plugins\com.st.stm32cube.common.mx_6.12.0.202406281431\\db\/plugins/mcufinder/images/
2024-08-25 14:27:24,024 [WARN] DbFile:41 - Overriding database path with different value: C:\Users\ahmed\.stmcufinder\plugins\mcufinder/ => C:\Users\ahmed\.stmcufinder\plugins\mcufinder
2024-08-25 14:27:24,024 [INFO] ApiDb:250 - Set database path to: C:\Users\ahmed\.stmcufinder\plugins\mcufinder//mcu/
2024-08-25 14:27:24,024 [WARN] DbFile:41 - Overriding database path with different value: C:\Users\ahmed\.stmcufinder\plugins\mcufinder/ => C:\Users\ahmed\.stmcufinder\plugins\mcufinder
2024-08-25 14:27:24,024 [INFO] DbMcusAds:125 - Set database path to: C:\Users\ahmed\.stmcufinder\plugins\mcufinder//mcu/
2024-08-25 14:27:24,024 [WARN] DbFile:41 - Overriding database path with different value: C:\Users\ahmed\.stmcufinder\plugins\mcufinder/ => C:\Users\ahmed\.stmcufinder\plugins\mcufinder
2024-08-25 14:27:24,024 [WARN] DbFile:41 - Overriding database path with different value: C:\Users\ahmed\.stmcufinder\plugins\mcufinder/ => C:\Users\ahmed\.stmcufinder\plugins\mcufinder
2024-08-25 14:27:24,024 [INFO] CrossReferenceDbSqlite:203 - Set database path to: C:\Users\ahmed\.stmcufinder\plugins\mcufinder//mcu/cs/
2024-08-25 14:27:24,083 [INFO] MainPanel:268 - HeapMemory: 268435456
2024-08-25 14:27:24,148 [INFO] DbMcusXml:78 - Set database path to: O:\01. Programs\STMcube\STM32CubeIDE_1.14.0\STM32CubeIDE\plugins\com.st.stm32cube.common.mx_6.12.0.202406281431\\db\/mcu/
2024-08-25 14:27:24,148 [INFO] ApiDb:274 - Set plugin database path to: O:\01. Programs\STMcube\STM32CubeIDE_1.14.0\STM32CubeIDE\plugins\com.st.stm32cube.common.mx_6.12.0.202406281431\\db\/plugins/boardmanager/
2024-08-25 14:27:24,148 [INFO] ApiDb:261 - Set plugin images path to: O:\01. Programs\STMcube\STM32CubeIDE_1.14.0\STM32CubeIDE\plugins\com.st.stm32cube.common.mx_6.12.0.202406281431\\db\/plugins/mcufinder/images/
2024-08-25 14:27:24,148 [WARN] DbFile:41 - Overriding database path with different value: C:\Users\ahmed\.stmcufinder\plugins\mcufinder/ => C:\Users\ahmed\.stmcufinder\plugins\mcufinder
2024-08-25 14:27:24,148 [INFO] ApiDb:250 - Set database path to: C:\Users\ahmed\.stmcufinder\plugins\mcufinder//mcu/
2024-08-25 14:27:24,148 [WARN] DbFile:41 - Overriding database path with different value: C:\Users\ahmed\.stmcufinder\plugins\mcufinder/ => C:\Users\ahmed\.stmcufinder\plugins\mcufinder
2024-08-25 14:27:24,148 [INFO] DbMcusAds:125 - Set database path to: C:\Users\ahmed\.stmcufinder\plugins\mcufinder//mcu/
2024-08-25 14:27:24,148 [WARN] DbFile:41 - Overriding database path with different value: C:\Users\ahmed\.stmcufinder\plugins\mcufinder/ => C:\Users\ahmed\.stmcufinder\plugins\mcufinder
2024-08-25 14:27:24,148 [WARN] DbFile:41 - Overriding database path with different value: C:\Users\ahmed\.stmcufinder\plugins\mcufinder/ => C:\Users\ahmed\.stmcufinder\plugins\mcufinder
2024-08-25 14:27:24,148 [INFO] CrossReferenceDbSqlite:203 - Set database path to: C:\Users\ahmed\.stmcufinder\plugins\mcufinder//mcu/cs/
2024-08-25 14:27:24,161 [INFO] ApplicationProperties:184 - Using Application install path: O:\01. Programs\STMcube\STM32CubeIDE_1.14.0\STM32CubeIDE\plugins\com.st.stm32cube.common.mx_6.12.0.202406281431
2024-08-25 14:27:24,162 [INFO] PluginManage:196 - Search for loadable plugins [exclusion list=, ]
2024-08-25 14:27:24,163 [INFO] PluginManage:310 - Check plugin analytics
2024-08-25 14:27:24,280 [INFO] AnalyticsPlugin:253 - Accepted Software Licenses: STM32CubeMX.6.12.0
2024-08-25 14:27:24,281 [INFO] AnalyticsPlugin:255 - Accepted CMSIS Pack Licenses: 
2024-08-25 14:27:24,281 [INFO] AnalyticsPlugin:257 - Accepted Firmware Licenses: FW.F4.1.28.0
2024-08-25 14:27:24,284 [INFO] PluginManage:359 - Loaded plugin analytics (category:tool,tabindex:-1)
2024-08-25 14:27:24,284 [INFO] PluginManage:310 - Check plugin cadmodel
2024-08-25 14:27:24,287 [INFO] CADModel:105 - Init CAD model plugin
2024-08-25 14:27:24,287 [INFO] PluginManage:359 - Loaded plugin cadmodel (category:power,tabindex:5)
2024-08-25 14:27:24,288 [INFO] PluginManage:310 - Check plugin clock
2024-08-25 14:27:24,295 [INFO] PluginManage:359 - Loaded plugin clock (category:base,tabindex:2)
2024-08-25 14:27:24,295 [INFO] PluginManage:310 - Check plugin ddr
2024-08-25 14:27:24,296 [INFO] PluginManage:359 - Loaded plugin ddr (category:tool,tabindex:6)
2024-08-25 14:27:24,296 [INFO] PluginManage:310 - Check plugin filemanager
2024-08-25 14:27:24,413 [INFO] PluginManage:359 - Loaded plugin filemanager (category:base,tabindex:10)
2024-08-25 14:27:24,413 [INFO] PluginManage:310 - Check plugin ipmanager
2024-08-25 14:27:24,418 [INFO] PluginManage:359 - Loaded plugin ipmanager (category:base,tabindex:5)
2024-08-25 14:27:24,419 [INFO] PluginManage:310 - Check plugin lpbam
2024-08-25 14:27:24,426 [INFO] PluginManage:359 - Loaded plugin lpbam (category:base,tabindex:0)
2024-08-25 14:27:24,426 [INFO] PluginManage:310 - Check plugin memorymap
2024-08-25 14:27:24,437 [INFO] PluginManage:359 - Loaded plugin memorymap (category:base,tabindex:4)
2024-08-25 14:27:24,438 [INFO] PluginManage:310 - Check plugin pinoutandconfiguration
2024-08-25 14:27:24,445 [INFO] PluginManage:359 - Loaded plugin pinoutandconfiguration (category:base,tabindex:1)
2024-08-25 14:27:24,446 [INFO] PluginManage:310 - Check plugin pinoutconfig
2024-08-25 14:27:24,519 [WARN] SupportedApi:132 - Cannot load RTOS API schema: s4s-elt-must-match.1: The content of 'definitions' must match (annotation?, (simpleType | complexType)?, (unique | key | keyref)*)). A problem was found starting at: attribute.
2024-08-25 14:27:24,617 [INFO] PluginManage:359 - Loaded plugin pinoutconfig (category:base,tabindex:0)
2024-08-25 14:27:24,617 [INFO] PluginManage:310 - Check plugin power
2024-08-25 14:27:24,622 [INFO] PluginManage:359 - Loaded plugin power (category:power,tabindex:4)
2024-08-25 14:27:24,623 [INFO] PluginManage:310 - Check plugin projectmanager
2024-08-25 14:27:24,634 [INFO] PluginManage:359 - Loaded plugin projectmanager (category:projectmanager,tabindex:4)
2024-08-25 14:27:24,635 [INFO] PluginManage:310 - Check plugin rif
2024-08-25 14:27:24,638 [INFO] PluginManage:359 - Loaded plugin rif (category:base,tabindex:3)
2024-08-25 14:27:24,639 [INFO] PluginManage:310 - Check plugin thirdparty
2024-08-25 14:27:24,734 [WARN] IntegrityCheckThread:84 - waiting for thirdparty lock release [integrity check]
2024-08-25 14:27:24,735 [INFO] IntegrityCheckThread:86 - entering critical section [integrity check]
2024-08-25 14:27:24,735 [INFO] PluginManage:359 - Loaded plugin thirdparty (category:base,tabindex:-1)
2024-08-25 14:27:24,735 [INFO] PluginManage:310 - Check plugin tools
2024-08-25 14:27:24,735 [INFO] ThirdPartyUpdaterWithRetryManager:70 - Updater plugin not ready yet. [1/15]
2024-08-25 14:27:24,740 [INFO] PluginManage:359 - Loaded plugin tools (category:base,tabindex:7)
2024-08-25 14:27:24,740 [INFO] PluginManage:310 - Check plugin tutovideos
2024-08-25 14:27:24,863 [INFO] PluginManage:359 - Loaded plugin tutovideos (category:base,tabindex:-1)
2024-08-25 14:27:24,863 [INFO] PluginManage:310 - Check plugin updater
2024-08-25 14:27:24,874 [INFO] PluginManage:359 - Loaded plugin updater (category:base,tabindex:12)
2024-08-25 14:27:24,874 [INFO] PluginManage:310 - Check plugin userauth
2024-08-25 14:27:24,879 [INFO] UserAuth:113 - Init User Auth plugin
2024-08-25 14:27:24,879 [INFO] PluginManage:359 - Loaded plugin userauth (category:base,tabindex:14)
2024-08-25 14:27:24,880 [INFO] PluginManage:283 - PluginManage : Loaded plugins [18]
2024-08-25 14:27:25,023 [INFO] PinOutPanel:1561 - setPackage(No Configuration,No Configuration)
2024-08-25 14:27:25,102 [INFO] CADModel:165 - CPN selected for project level
2024-08-25 14:27:25,102 [INFO] CADModel:114 - Register for checkConnection events
2024-08-25 14:27:25,118 [INFO] IPUIPlugin:80 - create IPUIPlugin
2024-08-25 14:27:25,119 [INFO] PluginManager:220 - loadIPPluginJar : add adc
2024-08-25 14:27:25,121 [INFO] IPUIPlugin:80 - create IPUIPlugin
2024-08-25 14:27:25,121 [INFO] PluginManager:220 - loadIPPluginJar : add aes
2024-08-25 14:27:25,122 [INFO] IPUIPlugin:80 - create IPUIPlugin
2024-08-25 14:27:25,122 [INFO] PluginManager:220 - loadIPPluginJar : add can
2024-08-25 14:27:25,124 [INFO] IPUIPlugin:80 - create IPUIPlugin
2024-08-25 14:27:25,124 [INFO] PluginManager:220 - loadIPPluginJar : add comp
2024-08-25 14:27:25,125 [INFO] IPUIPlugin:80 - create IPUIPlugin
2024-08-25 14:27:25,125 [INFO] PluginManager:220 - loadIPPluginJar : add cryp
2024-08-25 14:27:25,127 [INFO] IPUIPlugin:80 - create IPUIPlugin
2024-08-25 14:27:25,127 [INFO] PluginManager:220 - loadIPPluginJar : add ddr_ctrl_phy
2024-08-25 14:27:25,130 [INFO] IPUIPlugin:80 - create IPUIPlugin
2024-08-25 14:27:25,130 [INFO] PluginManager:220 - loadIPPluginJar : add dfsdm
2024-08-25 14:27:25,135 [INFO] IPUIPlugin:80 - create IPUIPlugin
2024-08-25 14:27:25,135 [INFO] PluginManager:220 - loadIPPluginJar : add dma
2024-08-25 14:27:25,136 [INFO] IPUIPlugin:80 - create IPUIPlugin
2024-08-25 14:27:25,137 [INFO] PluginManager:220 - loadIPPluginJar : add dma3
2024-08-25 14:27:25,139 [INFO] IPUIPlugin:80 - create IPUIPlugin
2024-08-25 14:27:25,139 [INFO] PluginManager:220 - loadIPPluginJar : add extmemmanager
2024-08-25 14:27:25,140 [INFO] IPUIPlugin:80 - create IPUIPlugin
2024-08-25 14:27:25,140 [INFO] PluginManager:220 - loadIPPluginJar : add fatfs
2024-08-25 14:27:25,143 [INFO] IPUIPlugin:80 - create IPUIPlugin
2024-08-25 14:27:25,143 [INFO] PluginManager:220 - loadIPPluginJar : add fmc
2024-08-25 14:27:25,152 [INFO] IPUIPlugin:80 - create IPUIPlugin
2024-08-25 14:27:25,152 [INFO] PluginManager:220 - loadIPPluginJar : add freertos
2024-08-25 14:27:25,153 [INFO] IPUIPlugin:80 - create IPUIPlugin
2024-08-25 14:27:25,153 [INFO] PluginManager:220 - loadIPPluginJar : add genericplugin
2024-08-25 14:27:25,155 [INFO] IPUIPlugin:80 - create IPUIPlugin
2024-08-25 14:27:25,155 [INFO] PluginManager:220 - loadIPPluginJar : add gfxmmu
2024-08-25 14:27:25,159 [INFO] IPUIPlugin:80 - create IPUIPlugin
2024-08-25 14:27:25,159 [INFO] PluginManager:220 - loadIPPluginJar : add gic
2024-08-25 14:27:25,162 [INFO] IPUIPlugin:80 - create IPUIPlugin
2024-08-25 14:27:25,163 [INFO] PluginManager:220 - loadIPPluginJar : add gpio
2024-08-25 14:27:25,164 [INFO] IPUIPlugin:80 - create IPUIPlugin
2024-08-25 14:27:25,164 [INFO] PluginManager:220 - loadIPPluginJar : add gtzc
2024-08-25 14:27:25,166 [INFO] IPUIPlugin:80 - create IPUIPlugin
2024-08-25 14:27:25,166 [INFO] PluginManager:220 - loadIPPluginJar : add hash
2024-08-25 14:27:25,168 [INFO] IPUIPlugin:80 - create IPUIPlugin
2024-08-25 14:27:25,169 [INFO] PluginManager:220 - loadIPPluginJar : add i2c
2024-08-25 14:27:25,170 [INFO] IPUIPlugin:80 - create IPUIPlugin
2024-08-25 14:27:25,170 [INFO] PluginManager:220 - loadIPPluginJar : add i2s
2024-08-25 14:27:25,173 [INFO] IPUIPlugin:80 - create IPUIPlugin
2024-08-25 14:27:25,173 [INFO] PluginManager:220 - loadIPPluginJar : add i3c
2024-08-25 14:27:25,175 [INFO] IPUIPlugin:80 - create IPUIPlugin
2024-08-25 14:27:25,175 [INFO] PluginManager:220 - loadIPPluginJar : add ipddr
2024-08-25 14:27:25,182 [INFO] IPUIPlugin:80 - create IPUIPlugin
2024-08-25 14:27:25,182 [INFO] PluginManager:220 - loadIPPluginJar : add linkedlist
2024-08-25 14:27:25,185 [INFO] IPUIPlugin:80 - create IPUIPlugin
2024-08-25 14:27:25,185 [INFO] PluginManager:220 - loadIPPluginJar : add lorawan
2024-08-25 14:27:25,186 [INFO] IPUIPlugin:80 - create IPUIPlugin
2024-08-25 14:27:25,186 [INFO] PluginManager:220 - loadIPPluginJar : add ltdc
2024-08-25 14:27:25,192 [INFO] IPUIPlugin:80 - create IPUIPlugin
2024-08-25 14:27:25,192 [INFO] PluginManager:220 - loadIPPluginJar : add mdma
2024-08-25 14:27:25,196 [INFO] IPUIPlugin:80 - create IPUIPlugin
2024-08-25 14:27:25,196 [INFO] PluginManager:220 - loadIPPluginJar : add nvic
2024-08-25 14:27:25,199 [INFO] IPUIPlugin:80 - create IPUIPlugin
2024-08-25 14:27:25,199 [INFO] PluginManager:220 - loadIPPluginJar : add opamp
2024-08-25 14:27:25,202 [INFO] IPUIPlugin:80 - create IPUIPlugin
2024-08-25 14:27:25,202 [INFO] PluginManager:220 - loadIPPluginJar : add openamp
2024-08-25 14:27:25,205 [INFO] IPUIPlugin:80 - create IPUIPlugin
2024-08-25 14:27:25,205 [INFO] PluginManager:220 - loadIPPluginJar : add pdm2pcm
2024-08-25 14:27:25,211 [INFO] IPUIPlugin:80 - create IPUIPlugin
2024-08-25 14:27:25,213 [INFO] PluginManager:220 - loadIPPluginJar : add plateformsettings
2024-08-25 14:27:25,215 [INFO] IPUIPlugin:80 - create IPUIPlugin
2024-08-25 14:27:25,215 [INFO] PluginManager:220 - loadIPPluginJar : add quadspi
2024-08-25 14:27:25,216 [INFO] IPUIPlugin:80 - create IPUIPlugin
2024-08-25 14:27:25,217 [INFO] PluginManager:220 - loadIPPluginJar : add radio
2024-08-25 14:27:25,220 [INFO] IPUIPlugin:80 - create IPUIPlugin
2024-08-25 14:27:25,220 [INFO] PluginManager:220 - loadIPPluginJar : add resmgrutility
2024-08-25 14:27:25,223 [INFO] IPUIPlugin:80 - create IPUIPlugin
2024-08-25 14:27:25,223 [INFO] PluginManager:220 - loadIPPluginJar : add sai
2024-08-25 14:27:25,225 [INFO] IPUIPlugin:80 - create IPUIPlugin
2024-08-25 14:27:25,225 [INFO] PluginManager:220 - loadIPPluginJar : add spi
2024-08-25 14:27:25,230 [INFO] IPUIPlugin:80 - create IPUIPlugin
2024-08-25 14:27:25,230 [INFO] PluginManager:220 - loadIPPluginJar : add stm32_wpan
2024-08-25 14:27:25,232 [INFO] IPUIPlugin:80 - create IPUIPlugin
2024-08-25 14:27:25,232 [INFO] PluginManager:220 - loadIPPluginJar : add tim
2024-08-25 14:27:25,235 [INFO] IPUIPlugin:80 - create IPUIPlugin
2024-08-25 14:27:25,235 [INFO] PluginManager:220 - loadIPPluginJar : add touchsensing
2024-08-25 14:27:25,237 [INFO] IPUIPlugin:80 - create IPUIPlugin
2024-08-25 14:27:25,237 [INFO] PluginManager:220 - loadIPPluginJar : add tracer_emb
2024-08-25 14:27:25,238 [INFO] IPUIPlugin:80 - create IPUIPlugin
2024-08-25 14:27:25,238 [INFO] PluginManager:220 - loadIPPluginJar : add ts
2024-08-25 14:27:25,239 [INFO] IPUIPlugin:80 - create IPUIPlugin
2024-08-25 14:27:25,240 [INFO] PluginManager:220 - loadIPPluginJar : add tsc
2024-08-25 14:27:25,241 [INFO] IPUIPlugin:80 - create IPUIPlugin
2024-08-25 14:27:25,241 [INFO] PluginManager:220 - loadIPPluginJar : add ucpd
2024-08-25 14:27:25,243 [INFO] IPUIPlugin:80 - create IPUIPlugin
2024-08-25 14:27:25,243 [INFO] PluginManager:220 - loadIPPluginJar : add usart
2024-08-25 14:27:25,245 [INFO] IPUIPlugin:80 - create IPUIPlugin
2024-08-25 14:27:25,245 [INFO] PluginManager:220 - loadIPPluginJar : add usbx
2024-08-25 14:27:25,365 [INFO] CADModel:165 - CPN selected for project level
2024-08-25 14:27:25,366 [INFO] CADModel:114 - Register for checkConnection events
2024-08-25 14:27:25,366 [FATAL] Updater:334 - Updater called before beeing initialized
2024-08-25 14:27:25,366 [ERROR] CADModel:125 - Updater not yet initialized, retry later 
2024-08-25 14:27:25,456 [INFO] CADModel:165 - CPN selected for project level
2024-08-25 14:27:25,456 [INFO] CADModel:114 - Register for checkConnection events
2024-08-25 14:27:25,456 [FATAL] Updater:334 - Updater called before beeing initialized
2024-08-25 14:27:25,456 [ERROR] CADModel:125 - Updater not yet initialized, retry later 
2024-08-25 14:27:25,459 [FATAL] Updater:334 - Updater called before beeing initialized
2024-08-25 14:27:25,530 [FATAL] Updater:334 - Updater called before beeing initialized
2024-08-25 14:27:25,535 [INFO] DbMcusAds:53 - JSON generation date=Thu May 16 12:22:00 EEST 2024 (1715851320667)
2024-08-25 14:27:25,536 [FATAL] Updater:334 - Updater called before beeing initialized
2024-08-25 14:27:25,562 [WARN] DetailPanel:346 - Failed to get advertising image, set to default
2024-08-25 14:27:25,617 [FATAL] Updater:334 - Updater called before beeing initialized
2024-08-25 14:27:25,619 [FATAL] Updater:334 - Updater called before beeing initialized
2024-08-25 14:27:25,619 [FATAL] Updater:334 - Updater called before beeing initialized
2024-08-25 14:27:25,619 [WARN] DetailPanel:346 - Failed to get advertising image, set to default
2024-08-25 14:27:25,620 [FATAL] Updater:334 - Updater called before beeing initialized
2024-08-25 14:27:25,654 [ERROR] Updater:1164 - MainUpdater not yet initialized. External WinMGr cannot be set.
2024-08-25 14:27:25,655 [INFO] Updater:1100 - Updater Version found : 6.12.0
2024-08-25 14:27:25,671 [INFO] ApplicationProperties:184 - Using Application install path: O:\01. Programs\STMcube\STM32CubeIDE_1.14.0\STM32CubeIDE\plugins\com.st.stm32cube.common.mx_6.12.0.202406281431
2024-08-25 14:27:26,133 [INFO] MainUpdater:2873 - connection check result : 10
2024-08-25 14:27:26,134 [INFO] MainUpdater:290 - Updater Check For Update Now.
2024-08-25 14:27:26,134 [INFO] MicroXplorer:498 - Change Database Version : DB.6.0.120
2024-08-25 14:27:26,143 [INFO] McuFinderGlobals:63 - Set McuFinder mode to 2 (CubeIDE integrated)
2024-08-25 14:27:26,144 [INFO] UserAuth:417 - Internet connection configuration mode: 1
2024-08-25 14:27:26,174 [INFO] JxBrowserEngine:152 - Initiate JxBrowser Engine with user profile folder
2024-08-25 14:27:26,301 [INFO] CheckServerUpdateThread:120 - End of CheckServer Thread
2024-08-25 14:27:26,724 [INFO] WebApp:167 - Instantiating new browser for Auth
2024-08-25 14:27:27,295 [INFO] WebApp:448 - Apply proxy settings
2024-08-25 14:27:27,296 [INFO] WebApp:533 - Chromium requires no authentication
2024-08-25 14:27:27,302 [INFO] WebApp:476 - Direct internet connection detected
2024-08-25 14:27:27,319 [INFO] WebApp:869 - Register for checkConnection events
2024-08-25 14:27:27,319 [INFO] WebApp:448 - Apply proxy settings
2024-08-25 14:27:27,319 [INFO] WebApp:533 - Chromium requires no authentication
2024-08-25 14:27:27,320 [INFO] WebApp:476 - Direct internet connection detected
2024-08-25 14:27:27,456 [INFO] WebApp:220 - Starting web application
2024-08-25 14:27:27,456 [INFO] WebApp:578 - Web application path used O:\01. Programs\STMcube\STM32CubeIDE_1.14.0\STM32CubeIDE\plugins\com.st.stm32cube.common.mx_6.12.0.202406281431\db\plugins\mcufinder\reactClient1\index.html
2024-08-25 14:27:27,553 [INFO] UserAuth:417 - Internet connection configuration mode: 1
2024-08-25 14:27:27,880 [WARN] PackLoader:240 - Cannot read IP mode file for STMicroelectronics.FP-SNS-MOTENVWB1.1.4.0
2024-08-25 14:27:27,882 [INFO] WebApp:186 - Connection restablished
2024-08-25 14:27:27,897 [WARN] PackLoader:240 - Cannot read IP mode file for STMicroelectronics.X-CUBE-SMBUS.2.1.0
2024-08-25 14:27:27,902 [WARN] PackLoader:240 - Cannot read IP mode file for STMicroelectronics.X-CUBE-TOUCHGFX.4.23.2
2024-08-25 14:27:27,929 [WARN] PackLoader:240 - Cannot read IP mode file for STMicroelectronics.X-CUBE-AZRTOS-F7.1.1.0
2024-08-25 14:27:28,000 [WARN] PackLoader:240 - Cannot read IP mode file for STMicroelectronics.X-CUBE-MEMS1.11.0.0
2024-08-25 14:27:28,146 [WARN] PackLoader:240 - Cannot read IP mode file for STMicroelectronics.FP-SNS-FLIGHT1.5.0.2
2024-08-25 14:27:28,156 [WARN] PackLoader:240 - Cannot read IP mode file for STMicroelectronics.X-CUBE-DISPLAY.3.0.0
2024-08-25 14:27:28,169 [WARN] PackLoader:240 - Cannot read IP mode file for STMicroelectronics.X-CUBE-BLE1.7.0.0
2024-08-25 14:27:28,176 [WARN] PackLoader:240 - Cannot read IP mode file for emotas.I-CUBE-CANOPEN.1.3.0
2024-08-25 14:27:28,188 [WARN] PackLoader:240 - Cannot read IP mode file for STMicroelectronics.X-CUBE-BLEMGR.3.1.0
2024-08-25 14:27:28,201 [WARN] PackLoader:240 - Cannot read IP mode file for STMicroelectronics.FP-SNS-SMARTAG2.1.2.0
2024-08-25 14:27:28,213 [INFO] LogOutputStream:77 - [STDOUT_REDIRECT] 1 : Invalid condition id : UX_CORESTACK_Condition cause : null
2024-08-25 14:27:28,214 [INFO] LogOutputStream:77 - [STDOUT_REDIRECT] 1 : Invalid condition id : UX_CORESTACK_Condition cause : null
2024-08-25 14:27:28,215 [INFO] LogOutputStream:77 - [STDOUT_REDIRECT] 1 : Invalid condition id : UX_CORESTACK_Condition cause : null
2024-08-25 14:27:28,217 [INFO] LogOutputStream:77 - [STDOUT_REDIRECT] 1 : Invalid condition id : UX_CORESTACK_Condition cause : null
2024-08-25 14:27:28,219 [INFO] LogOutputStream:77 - [STDOUT_REDIRECT] 1 : Invalid condition id : UX_CORESTACK_Condition cause : null
2024-08-25 14:27:28,223 [WARN] PackLoader:240 - Cannot read IP mode file for STMicroelectronics.X-CUBE-AZRTOS-WL.2.0.0
2024-08-25 14:27:28,233 [WARN] PackLoader:240 - Cannot read IP mode file for STMicroelectronics.FP-SNS-MOTENV1.5.0.0
2024-08-25 14:27:28,240 [WARN] PackLoader:240 - Cannot read IP mode file for wolfSSL.I-CUBE-wolfMQTT.1.19.0
2024-08-25 14:27:28,255 [WARN] PackLoader:240 - Cannot read IP mode file for WES.I-CUBE-Cesium.1.3.0
2024-08-25 14:27:28,260 [WARN] PackLoader:240 - Cannot read IP mode file for STMicroelectronics.X-CUBE-BLE2.3.3.0
2024-08-25 14:27:28,266 [WARN] PackLoader:240 - Cannot read IP mode file for STMicroelectronics.X-CUBE-TCPP.4.1.0
2024-08-25 14:27:28,280 [WARN] PackLoader:240 - Cannot read IP mode file for STMicroelectronics.X-CUBE-AZRTOS-G0.1.1.0
2024-08-25 14:27:28,288 [WARN] PackLoader:240 - Cannot read IP mode file for STMicroelectronics.X-CUBE-SAFEA1.1.2.2
2024-08-25 14:27:28,295 [WARN] PackLoader:240 - Cannot read IP mode file for STMicroelectronics.X-CUBE-NFC4.3.0.0
2024-08-25 14:27:28,306 [WARN] PackLoader:240 - Cannot read IP mode file for EmbeddedOffice.I-CUBE-FS-RTOS.1.0.1
2024-08-25 14:27:28,306 [ERROR] ConditionMgr:805 - Attr not supported : Dmpu
2024-08-25 14:27:28,307 [ERROR] ConditionMgr:805 - Attr not supported : Dmpu
2024-08-25 14:27:28,307 [ERROR] ConditionMgr:805 - Attr not supported : Dmpu
2024-08-25 14:27:28,307 [ERROR] ConditionMgr:805 - Attr not supported : Dmpu
2024-08-25 14:27:28,307 [ERROR] ConditionMgr:805 - Attr not supported : Dmpu
2024-08-25 14:27:28,307 [ERROR] ConditionMgr:805 - Attr not supported : Dmpu
2024-08-25 14:27:28,307 [ERROR] ConditionMgr:805 - Attr not supported : Dmpu
2024-08-25 14:27:28,307 [ERROR] ConditionMgr:805 - Attr not supported : Dmpu
2024-08-25 14:27:28,307 [ERROR] ConditionMgr:805 - Attr not supported : Dmpu
2024-08-25 14:27:28,307 [ERROR] ConditionMgr:805 - Attr not supported : Dmpu
2024-08-25 14:27:28,307 [ERROR] ConditionMgr:805 - Attr not supported : Dmpu
2024-08-25 14:27:28,307 [ERROR] ConditionMgr:805 - Attr not supported : Dmpu
2024-08-25 14:27:28,307 [ERROR] ConditionMgr:805 - Attr not supported : Dmpu
2024-08-25 14:27:28,307 [ERROR] ConditionMgr:805 - Attr not supported : Dmpu
2024-08-25 14:27:28,307 [ERROR] ConditionMgr:805 - Attr not supported : Dmpu
2024-08-25 14:27:28,307 [ERROR] ConditionMgr:805 - Attr not supported : Dmpu
2024-08-25 14:27:28,307 [ERROR] ConditionMgr:805 - Attr not supported : Dmpu
2024-08-25 14:27:28,307 [ERROR] ConditionMgr:805 - Attr not supported : Dmpu
2024-08-25 14:27:28,307 [ERROR] ConditionMgr:805 - Attr not supported : Dmpu
2024-08-25 14:27:28,308 [ERROR] ConditionMgr:805 - Attr not supported : Dmpu
2024-08-25 14:27:28,308 [ERROR] ConditionMgr:805 - Attr not supported : Dmpu
2024-08-25 14:27:28,308 [ERROR] ConditionMgr:805 - Attr not supported : Dmpu
2024-08-25 14:27:28,308 [ERROR] ConditionMgr:805 - Attr not supported : Dmpu
2024-08-25 14:27:28,308 [ERROR] ConditionMgr:805 - Attr not supported : Dmpu
2024-08-25 14:27:28,308 [ERROR] ConditionMgr:805 - Attr not supported : Dmpu
2024-08-25 14:27:28,308 [ERROR] ConditionMgr:805 - Attr not supported : Dmpu
2024-08-25 14:27:28,308 [ERROR] ConditionMgr:805 - Attr not supported : Dmpu
2024-08-25 14:27:28,308 [ERROR] ConditionMgr:805 - Attr not supported : Dmpu
2024-08-25 14:27:28,308 [ERROR] ConditionMgr:805 - Attr not supported : Dmpu
2024-08-25 14:27:28,308 [ERROR] ConditionMgr:805 - Attr not supported : Dmpu
2024-08-25 14:27:28,308 [ERROR] ConditionMgr:805 - Attr not supported : Dmpu
2024-08-25 14:27:28,308 [ERROR] ConditionMgr:805 - Attr not supported : Dmpu
2024-08-25 14:27:28,308 [ERROR] ConditionMgr:805 - Attr not supported : Dmpu
2024-08-25 14:27:28,308 [ERROR] ConditionMgr:805 - Attr not supported : Dmpu
2024-08-25 14:27:28,308 [ERROR] ConditionMgr:805 - Attr not supported : Dmpu
2024-08-25 14:27:28,308 [ERROR] ConditionMgr:805 - Attr not supported : Dmpu
2024-08-25 14:27:28,308 [ERROR] ConditionMgr:805 - Attr not supported : Dmpu
2024-08-25 14:27:28,308 [ERROR] ConditionMgr:805 - Attr not supported : Dmpu
2024-08-25 14:27:28,309 [ERROR] ConditionMgr:805 - Attr not supported : Dmpu
2024-08-25 14:27:28,309 [ERROR] ConditionMgr:805 - Attr not supported : Dmpu
2024-08-25 14:27:28,309 [ERROR] ConditionMgr:805 - Attr not supported : Dmpu
2024-08-25 14:27:28,309 [ERROR] ConditionMgr:805 - Attr not supported : Dmpu
2024-08-25 14:27:28,309 [ERROR] ConditionMgr:805 - Attr not supported : Dmpu
2024-08-25 14:27:28,309 [ERROR] ConditionMgr:805 - Attr not supported : Dmpu
2024-08-25 14:27:28,309 [ERROR] ConditionMgr:805 - Attr not supported : Dmpu
2024-08-25 14:27:28,309 [ERROR] ConditionMgr:805 - Attr not supported : Dmpu
2024-08-25 14:27:28,309 [ERROR] ConditionMgr:805 - Attr not supported : Dmpu
2024-08-25 14:27:28,309 [ERROR] ConditionMgr:805 - Attr not supported : Dmpu
2024-08-25 14:27:28,309 [ERROR] ConditionMgr:805 - Attr not supported : Dmpu
2024-08-25 14:27:28,310 [ERROR] ConditionMgr:805 - Attr not supported : Dmpu
2024-08-25 14:27:28,310 [ERROR] ConditionMgr:805 - Attr not supported : Dmpu
2024-08-25 14:27:28,310 [ERROR] ConditionMgr:805 - Attr not supported : Dmpu
2024-08-25 14:27:28,310 [ERROR] ConditionMgr:805 - Attr not supported : Dmpu
2024-08-25 14:27:28,310 [ERROR] ConditionMgr:805 - Attr not supported : Dmpu
2024-08-25 14:27:28,310 [ERROR] ConditionMgr:805 - Attr not supported : Dmpu
2024-08-25 14:27:28,310 [ERROR] ConditionMgr:805 - Attr not supported : Dmpu
2024-08-25 14:27:28,310 [ERROR] ConditionMgr:805 - Attr not supported : Dmpu
2024-08-25 14:27:28,310 [ERROR] ConditionMgr:805 - Attr not supported : Dmpu
2024-08-25 14:27:28,310 [ERROR] ConditionMgr:805 - Attr not supported : Dmpu
2024-08-25 14:27:28,310 [ERROR] ConditionMgr:805 - Attr not supported : Dmpu
2024-08-25 14:27:28,310 [ERROR] ConditionMgr:805 - Attr not supported : Dmpu
2024-08-25 14:27:28,310 [ERROR] ConditionMgr:805 - Attr not supported : Dmpu
2024-08-25 14:27:28,311 [ERROR] ConditionMgr:805 - Attr not supported : Dmpu
2024-08-25 14:27:28,311 [ERROR] ConditionMgr:805 - Attr not supported : Dmpu
2024-08-25 14:27:28,316 [WARN] PackLoader:240 - Cannot read IP mode file for RealThread.X-CUBE-RT-Thread_Nano.4.1.1
2024-08-25 14:27:28,322 [WARN] PackLoader:240 - Cannot read IP mode file for wolfSSL.I-CUBE-wolfSSL.5.7.0
2024-08-25 14:27:28,326 [WARN] PackLoader:240 - Cannot read IP mode file for STMicroelectronics.FP-ATR-SIGFOX1.3.2.0
2024-08-25 14:27:28,333 [WARN] PackLoader:240 - Cannot read IP mode file for STMicroelectronics.X-CUBE-EEPRMA1.5.1.0
2024-08-25 14:27:28,340 [WARN] PackLoader:240 - Cannot read IP mode file for ITTIA_DB.I-CUBE-ITTIADB.8.9.0
2024-08-25 14:27:28,384 [WARN] PackLoader:240 - Cannot read IP mode file for SEGGER.I-CUBE-embOS.1.3.1
2024-08-25 14:27:28,469 [WARN] PackLoader:240 - Cannot read IP mode file for STMicroelectronics.X-CUBE-ALGOBUILD.1.4.0
2024-08-25 14:27:28,480 [WARN] PackLoader:240 - Cannot read IP mode file for STMicroelectronics.X-CUBE-GNSS1.6.0.0
2024-08-25 14:27:28,529 [WARN] PackLoader:240 - Cannot read IP mode file for STMicroelectronics.X-CUBE-AZRTOS-F4.1.1.0
2024-08-25 14:27:28,547 [WARN] PackLoader:240 - Cannot read IP mode file for STMicroelectronics.X-CUBE-FREERTOS.1.2.0
2024-08-25 14:27:28,575 [WARN] PackLoader:240 - Cannot read IP mode file for STMicroelectronics.X-CUBE-AZRTOS-L5.2.0.0
2024-08-25 14:27:28,591 [WARN] PackLoader:240 - Cannot read IP mode file for STMicroelectronics.X-CUBE-NFC6.3.1.0
2024-08-25 14:27:28,602 [WARN] PackLoader:240 - Cannot read IP mode file for STMicroelectronics.X-CUBE-DPower.1.2.0
2024-08-25 14:27:28,610 [WARN] PackLoader:240 - Cannot read IP mode file for STMicroelectronics.X-CUBE-AI.9.0.0
2024-08-25 14:27:28,619 [WARN] PackLoader:240 - Cannot read IP mode file for STMicroelectronics.X-CUBE-NFC7.1.0.1
2024-08-25 14:27:28,629 [WARN] PackLoader:240 - Cannot read IP mode file for wolfSSL.I-CUBE-wolfTPM.3.2.0
2024-08-25 14:27:28,654 [WARN] ConditionMgr:438 - getConditionDescription Invalid condition id : LAN8742 Phy interface Condition cause : null
2024-08-25 14:27:28,655 [WARN] PackLoader:240 - Cannot read IP mode file for STMicroelectronics.X-CUBE-AZRTOS-L4.2.0.0
2024-08-25 14:27:28,657 [WARN] ConditionMgr:1039 - genDependencies : Invalid condition id : LAN8742 Phy interface Condition cause : null
2024-08-25 14:27:28,658 [WARN] ConditionMgr:1039 - genDependencies : Invalid condition id : LAN8742 Phy interface Condition cause : null
2024-08-25 14:27:28,659 [WARN] ConditionMgr:1039 - genDependencies : Invalid condition id : LAN8742 Phy interface Condition cause : null
2024-08-25 14:27:28,669 [WARN] PackLoader:240 - Cannot read IP mode file for STMicroelectronics.X-CUBE-SFXS2LP1.4.0.0
2024-08-25 14:27:28,691 [WARN] PackLoader:240 - Cannot read IP mode file for STMicroelectronics.X-CUBE-AZRTOS-H7.3.3.0
2024-08-25 14:27:28,715 [WARN] ConditionMgr:438 - getConditionDescription Invalid condition id : UX DEVICE CLASS RTOS Condition cause : null
2024-08-25 14:27:28,716 [WARN] ConditionMgr:438 - getConditionDescription Invalid condition id : UX DEVICE CLASS RTOS Condition cause : null
2024-08-25 14:27:28,719 [WARN] PackLoader:240 - Cannot read IP mode file for STMicroelectronics.X-CUBE-AZRTOS-WB.2.0.0
2024-08-25 14:27:28,720 [WARN] ConditionMgr:1039 - genDependencies : Invalid condition id : UX DEVICE CLASS RTOS Condition cause : null
2024-08-25 14:27:28,720 [WARN] ConditionMgr:1039 - genDependencies : Invalid condition id : UX DEVICE CLASS RTOS Condition cause : null
2024-08-25 14:27:28,721 [WARN] ConditionMgr:1039 - genDependencies : Invalid condition id : UX DEVICE CLASS RTOS Condition cause : null
2024-08-25 14:27:28,721 [WARN] ConditionMgr:1039 - genDependencies : Invalid condition id : UX DEVICE CLASS RTOS Condition cause : null
2024-08-25 14:27:28,721 [WARN] ConditionMgr:1039 - genDependencies : Invalid condition id : UX DEVICE CLASS RTOS Condition cause : null
2024-08-25 14:27:28,733 [WARN] PackLoader:240 - Cannot read IP mode file for STMicroelectronics.FP-SNS-STBOX1.2.0.0
2024-08-25 14:27:28,749 [WARN] PackLoader:240 - Cannot read IP mode file for STMicroelectronics.X-CUBE-SUBG2.5.0.0
2024-08-25 14:27:28,763 [WARN] PackLoader:240 - Cannot read IP mode file for Cesanta.I-CUBE-Mongoose.7.13.0
2024-08-25 14:27:28,787 [WARN] PackLoader:240 - Cannot read IP mode file for STMicroelectronics.X-CUBE-AZRTOS-G4.2.0.0
2024-08-25 14:27:28,797 [WARN] PackLoader:240 - Cannot read IP mode file for STMicroelectronics.X-CUBE-ISPU.2.0.0
2024-08-25 14:27:28,806 [WARN] PackLoader:240 - Cannot read IP mode file for STMicroelectronics.X-CUBE-ALS.1.0.2
2024-08-25 14:27:28,852 [WARN] PackLoader:240 - Cannot read IP mode file for STMicroelectronics.X-CUBE-MEMS1.10.0.0
2024-08-25 14:27:28,972 [WARN] PackLoader:240 - Cannot read IP mode file for STMicroelectronics.X-CUBE-TOUCHGFX.4.24.0
2024-08-25 14:27:28,979 [WARN] PackLoader:240 - Cannot read IP mode file for portGmbH.I-Cube-SoM-uGOAL.1.1.0
2024-08-25 14:27:28,993 [WARN] PackLoader:240 - Cannot read IP mode file for STMicroelectronics.X-CUBE-AZRTOS-H7RS.1.0.0
2024-08-25 14:27:29,004 [WARN] PackLoader:240 - Cannot read IP mode file for STMicroelectronics.FP-ATR-ASTRA1.2.0.0
2024-08-25 14:27:29,019 [WARN] PackLoader:240 - Cannot read IP mode file for STMicroelectronics.X-CUBE-TOF1.3.4.2
2024-08-25 14:27:29,047 [WARN] PackLoader:240 - Cannot read IP mode file for STMicroelectronics.X-CUBE-TOF1.3.4.1
2024-08-25 14:27:29,080 [WARN] PackLoader:240 - Cannot read IP mode file for STMicroelectronics.X-CUBE-AZRTOS-H7.3.2.0
2024-08-25 14:27:29,107 [WARN] PackLoader:240 - Cannot read IP mode file for Infineon.AIROC-Wi-Fi-Bluetooth-STM32.1.6.0
2024-08-25 14:27:29,115 [WARN] PackLoader:240 - Cannot read IP mode file for wolfSSL.I-CUBE-wolfSSH.1.4.17
2024-08-25 14:27:29,116 [INFO] ThirdParty:978 - Integrity check success = true
2024-08-25 14:27:29,116 [INFO] IntegrityCheckThread:100 - exiting critical section [integrity check]
2024-08-25 14:27:29,116 [INFO] IntegrityCheckThread:103 - End integrity checks thread
2024-08-25 17:02:53,474 [ERROR] LogOutputStream:75 - [STDERR_REDIRECT] 
