2024-09-10 20:34:12,737 [INFO] Activator:176 - 


2024-09-10 20:34:12,739 [INFO] Activator:177 - !SESSION log4j initialized
2024-09-10 20:34:15,309 [INFO] LogOutputStream:77 - [STDOUT_REDIRECT] 
2024-09-10 20:34:21,334 [INFO] ApplicationProperties:184 - Using Application install path: O:\01. Programs\STMcube\STM32CubeIDE_1.14.0\STM32CubeIDE\plugins\com.st.stm32cube.common.mx_6.12.0.202406281431
2024-09-10 20:34:21,348 [INFO] DbMcusXml:78 - Set database path to: O:\01. Programs\STMcube\STM32CubeIDE_1.14.0\STM32CubeIDE\plugins\com.st.stm32cube.common.mx_6.12.0.202406281431\\db\/mcu/
2024-09-10 20:34:21,348 [INFO] ApiDb:274 - Set plugin database path to: O:\01. Programs\STMcube\STM32CubeIDE_1.14.0\STM32CubeIDE\plugins\com.st.stm32cube.common.mx_6.12.0.202406281431\\db\/plugins/boardmanager/
2024-09-10 20:34:21,349 [WARN] ApiDb:259 - Overriding images path with different value:  => O:\01. Programs\STMcube\STM32CubeIDE_1.14.0\STM32CubeIDE\plugins\com.st.stm32cube.common.mx_6.12.0.202406281431\\db\/plugins/mcufinder/images/
2024-09-10 20:34:21,362 [INFO] ApiDb:250 - Set database path to: C:\Users\ahmed\.stmcufinder\plugins\mcufinder//mcu/
2024-09-10 20:34:21,363 [INFO] DbMcusAds:125 - Set database path to: C:\Users\ahmed\.stmcufinder\plugins\mcufinder//mcu/
2024-09-10 20:34:21,365 [INFO] CrossReferenceDbSqlite:203 - Set database path to: C:\Users\ahmed\.stmcufinder\plugins\mcufinder//mcu/cs/
2024-09-10 20:34:21,454 [INFO] RulesReader:64 - Compatibility file has been processed (297 Rules)
2024-09-10 20:34:21,524 [INFO] DbMcusXml:78 - Set database path to: O:\01. Programs\STMcube\STM32CubeIDE_1.14.0\STM32CubeIDE\plugins\com.st.stm32cube.common.mx_6.12.0.202406281431\\db\/mcu/
2024-09-10 20:34:21,524 [INFO] ApiDb:274 - Set plugin database path to: O:\01. Programs\STMcube\STM32CubeIDE_1.14.0\STM32CubeIDE\plugins\com.st.stm32cube.common.mx_6.12.0.202406281431\\db\/plugins/boardmanager/
2024-09-10 20:34:21,524 [INFO] ApiDb:261 - Set plugin images path to: O:\01. Programs\STMcube\STM32CubeIDE_1.14.0\STM32CubeIDE\plugins\com.st.stm32cube.common.mx_6.12.0.202406281431\\db\/plugins/mcufinder/images/
2024-09-10 20:34:21,524 [WARN] DbFile:41 - Overriding database path with different value: C:\Users\ahmed\.stmcufinder\plugins\mcufinder/ => C:\Users\ahmed\.stmcufinder\plugins\mcufinder
2024-09-10 20:34:21,524 [INFO] ApiDb:250 - Set database path to: C:\Users\ahmed\.stmcufinder\plugins\mcufinder//mcu/
2024-09-10 20:34:21,524 [WARN] DbFile:41 - Overriding database path with different value: C:\Users\ahmed\.stmcufinder\plugins\mcufinder/ => C:\Users\ahmed\.stmcufinder\plugins\mcufinder
2024-09-10 20:34:21,524 [INFO] DbMcusAds:125 - Set database path to: C:\Users\ahmed\.stmcufinder\plugins\mcufinder//mcu/
2024-09-10 20:34:21,525 [WARN] DbFile:41 - Overriding database path with different value: C:\Users\ahmed\.stmcufinder\plugins\mcufinder/ => C:\Users\ahmed\.stmcufinder\plugins\mcufinder
2024-09-10 20:34:21,525 [WARN] DbFile:41 - Overriding database path with different value: C:\Users\ahmed\.stmcufinder\plugins\mcufinder/ => C:\Users\ahmed\.stmcufinder\plugins\mcufinder
2024-09-10 20:34:21,525 [INFO] CrossReferenceDbSqlite:203 - Set database path to: C:\Users\ahmed\.stmcufinder\plugins\mcufinder//mcu/cs/
2024-09-10 20:34:21,587 [INFO] MainPanel:268 - HeapMemory: 268435456
2024-09-10 20:34:21,667 [INFO] DbMcusXml:78 - Set database path to: O:\01. Programs\STMcube\STM32CubeIDE_1.14.0\STM32CubeIDE\plugins\com.st.stm32cube.common.mx_6.12.0.202406281431\\db\/mcu/
2024-09-10 20:34:21,667 [INFO] ApiDb:274 - Set plugin database path to: O:\01. Programs\STMcube\STM32CubeIDE_1.14.0\STM32CubeIDE\plugins\com.st.stm32cube.common.mx_6.12.0.202406281431\\db\/plugins/boardmanager/
2024-09-10 20:34:21,667 [INFO] ApiDb:261 - Set plugin images path to: O:\01. Programs\STMcube\STM32CubeIDE_1.14.0\STM32CubeIDE\plugins\com.st.stm32cube.common.mx_6.12.0.202406281431\\db\/plugins/mcufinder/images/
2024-09-10 20:34:21,668 [WARN] DbFile:41 - Overriding database path with different value: C:\Users\ahmed\.stmcufinder\plugins\mcufinder/ => C:\Users\ahmed\.stmcufinder\plugins\mcufinder
2024-09-10 20:34:21,668 [INFO] ApiDb:250 - Set database path to: C:\Users\ahmed\.stmcufinder\plugins\mcufinder//mcu/
2024-09-10 20:34:21,668 [WARN] DbFile:41 - Overriding database path with different value: C:\Users\ahmed\.stmcufinder\plugins\mcufinder/ => C:\Users\ahmed\.stmcufinder\plugins\mcufinder
2024-09-10 20:34:21,668 [INFO] DbMcusAds:125 - Set database path to: C:\Users\ahmed\.stmcufinder\plugins\mcufinder//mcu/
2024-09-10 20:34:21,668 [WARN] DbFile:41 - Overriding database path with different value: C:\Users\ahmed\.stmcufinder\plugins\mcufinder/ => C:\Users\ahmed\.stmcufinder\plugins\mcufinder
2024-09-10 20:34:21,668 [WARN] DbFile:41 - Overriding database path with different value: C:\Users\ahmed\.stmcufinder\plugins\mcufinder/ => C:\Users\ahmed\.stmcufinder\plugins\mcufinder
2024-09-10 20:34:21,668 [INFO] CrossReferenceDbSqlite:203 - Set database path to: C:\Users\ahmed\.stmcufinder\plugins\mcufinder//mcu/cs/
2024-09-10 20:34:21,683 [INFO] ApplicationProperties:184 - Using Application install path: O:\01. Programs\STMcube\STM32CubeIDE_1.14.0\STM32CubeIDE\plugins\com.st.stm32cube.common.mx_6.12.0.202406281431
2024-09-10 20:34:21,684 [INFO] PluginManage:196 - Search for loadable plugins [exclusion list=, ]
2024-09-10 20:34:21,686 [INFO] PluginManage:310 - Check plugin analytics
2024-09-10 20:34:21,805 [INFO] AnalyticsPlugin:253 - Accepted Software Licenses: STM32CubeMX.6.12.0
2024-09-10 20:34:21,805 [INFO] AnalyticsPlugin:255 - Accepted CMSIS Pack Licenses: 
2024-09-10 20:34:21,805 [INFO] AnalyticsPlugin:257 - Accepted Firmware Licenses: FW.F4.1.28.0
2024-09-10 20:34:21,808 [INFO] PluginManage:359 - Loaded plugin analytics (category:tool,tabindex:-1)
2024-09-10 20:34:21,808 [INFO] PluginManage:310 - Check plugin cadmodel
2024-09-10 20:34:21,820 [INFO] CADModel:105 - Init CAD model plugin
2024-09-10 20:34:21,820 [INFO] PluginManage:359 - Loaded plugin cadmodel (category:power,tabindex:5)
2024-09-10 20:34:21,821 [INFO] PluginManage:310 - Check plugin clock
2024-09-10 20:34:21,835 [INFO] PluginManage:359 - Loaded plugin clock (category:base,tabindex:2)
2024-09-10 20:34:21,835 [INFO] PluginManage:310 - Check plugin ddr
2024-09-10 20:34:21,837 [INFO] PluginManage:359 - Loaded plugin ddr (category:tool,tabindex:6)
2024-09-10 20:34:21,837 [INFO] PluginManage:310 - Check plugin filemanager
2024-09-10 20:34:21,944 [INFO] PluginManage:359 - Loaded plugin filemanager (category:base,tabindex:10)
2024-09-10 20:34:21,944 [INFO] PluginManage:310 - Check plugin ipmanager
2024-09-10 20:34:21,950 [INFO] PluginManage:359 - Loaded plugin ipmanager (category:base,tabindex:5)
2024-09-10 20:34:21,950 [INFO] PluginManage:310 - Check plugin lpbam
2024-09-10 20:34:21,967 [INFO] PluginManage:359 - Loaded plugin lpbam (category:base,tabindex:0)
2024-09-10 20:34:21,967 [INFO] PluginManage:310 - Check plugin memorymap
2024-09-10 20:34:21,986 [INFO] PluginManage:359 - Loaded plugin memorymap (category:base,tabindex:4)
2024-09-10 20:34:21,986 [INFO] PluginManage:310 - Check plugin pinoutandconfiguration
2024-09-10 20:34:22,000 [INFO] PluginManage:359 - Loaded plugin pinoutandconfiguration (category:base,tabindex:1)
2024-09-10 20:34:22,000 [INFO] PluginManage:310 - Check plugin pinoutconfig
2024-09-10 20:34:22,105 [WARN] SupportedApi:132 - Cannot load RTOS API schema: s4s-elt-must-match.1: The content of 'definitions' must match (annotation?, (simpleType | complexType)?, (unique | key | keyref)*)). A problem was found starting at: attribute.
2024-09-10 20:34:22,221 [INFO] PluginManage:359 - Loaded plugin pinoutconfig (category:base,tabindex:0)
2024-09-10 20:34:22,221 [INFO] PluginManage:310 - Check plugin power
2024-09-10 20:34:22,236 [INFO] PluginManage:359 - Loaded plugin power (category:power,tabindex:4)
2024-09-10 20:34:22,236 [INFO] PluginManage:310 - Check plugin projectmanager
2024-09-10 20:34:22,248 [INFO] PluginManage:359 - Loaded plugin projectmanager (category:projectmanager,tabindex:4)
2024-09-10 20:34:22,248 [INFO] PluginManage:310 - Check plugin rif
2024-09-10 20:34:22,262 [INFO] PluginManage:359 - Loaded plugin rif (category:base,tabindex:3)
2024-09-10 20:34:22,263 [INFO] PluginManage:310 - Check plugin thirdparty
2024-09-10 20:34:22,488 [INFO] PluginManage:359 - Loaded plugin thirdparty (category:base,tabindex:-1)
2024-09-10 20:34:22,488 [WARN] IntegrityCheckThread:84 - waiting for thirdparty lock release [integrity check]
2024-09-10 20:34:22,488 [INFO] PluginManage:310 - Check plugin tools
2024-09-10 20:34:22,488 [INFO] IntegrityCheckThread:86 - entering critical section [integrity check]
2024-09-10 20:34:22,488 [INFO] ThirdPartyUpdaterWithRetryManager:70 - Updater plugin not ready yet. [1/15]
2024-09-10 20:34:22,517 [INFO] PluginManage:359 - Loaded plugin tools (category:base,tabindex:7)
2024-09-10 20:34:22,517 [INFO] PluginManage:310 - Check plugin tutovideos
2024-09-10 20:34:22,674 [INFO] PluginManage:359 - Loaded plugin tutovideos (category:base,tabindex:-1)
2024-09-10 20:34:22,674 [INFO] PluginManage:310 - Check plugin updater
2024-09-10 20:34:22,687 [INFO] PluginManage:359 - Loaded plugin updater (category:base,tabindex:12)
2024-09-10 20:34:22,687 [INFO] PluginManage:310 - Check plugin userauth
2024-09-10 20:34:22,692 [INFO] UserAuth:113 - Init User Auth plugin
2024-09-10 20:34:22,693 [INFO] PluginManage:359 - Loaded plugin userauth (category:base,tabindex:14)
2024-09-10 20:34:22,693 [INFO] PluginManage:283 - PluginManage : Loaded plugins [18]
2024-09-10 20:34:22,855 [INFO] PinOutPanel:1561 - setPackage(No Configuration,No Configuration)
2024-09-10 20:34:22,922 [INFO] CADModel:165 - CPN selected for project level
2024-09-10 20:34:22,922 [INFO] CADModel:114 - Register for checkConnection events
2024-09-10 20:34:22,945 [INFO] IPUIPlugin:80 - create IPUIPlugin
2024-09-10 20:34:22,945 [INFO] PluginManager:220 - loadIPPluginJar : add adc
2024-09-10 20:34:22,975 [INFO] IPUIPlugin:80 - create IPUIPlugin
2024-09-10 20:34:22,975 [INFO] PluginManager:220 - loadIPPluginJar : add aes
2024-09-10 20:34:23,007 [INFO] IPUIPlugin:80 - create IPUIPlugin
2024-09-10 20:34:23,007 [INFO] PluginManager:220 - loadIPPluginJar : add can
2024-09-10 20:34:23,026 [INFO] IPUIPlugin:80 - create IPUIPlugin
2024-09-10 20:34:23,026 [INFO] PluginManager:220 - loadIPPluginJar : add comp
2024-09-10 20:34:23,051 [INFO] IPUIPlugin:80 - create IPUIPlugin
2024-09-10 20:34:23,051 [INFO] PluginManager:220 - loadIPPluginJar : add cryp
2024-09-10 20:34:23,060 [INFO] IPUIPlugin:80 - create IPUIPlugin
2024-09-10 20:34:23,061 [INFO] PluginManager:220 - loadIPPluginJar : add ddr_ctrl_phy
2024-09-10 20:34:23,084 [INFO] IPUIPlugin:80 - create IPUIPlugin
2024-09-10 20:34:23,084 [INFO] PluginManager:220 - loadIPPluginJar : add dfsdm
2024-09-10 20:34:23,096 [INFO] IPUIPlugin:80 - create IPUIPlugin
2024-09-10 20:34:23,096 [INFO] PluginManager:220 - loadIPPluginJar : add dma
2024-09-10 20:34:23,131 [INFO] IPUIPlugin:80 - create IPUIPlugin
2024-09-10 20:34:23,131 [INFO] PluginManager:220 - loadIPPluginJar : add dma3
2024-09-10 20:34:23,165 [INFO] IPUIPlugin:80 - create IPUIPlugin
2024-09-10 20:34:23,165 [INFO] PluginManager:220 - loadIPPluginJar : add extmemmanager
2024-09-10 20:34:23,180 [INFO] IPUIPlugin:80 - create IPUIPlugin
2024-09-10 20:34:23,180 [INFO] PluginManager:220 - loadIPPluginJar : add fatfs
2024-09-10 20:34:23,217 [INFO] IPUIPlugin:80 - create IPUIPlugin
2024-09-10 20:34:23,217 [INFO] PluginManager:220 - loadIPPluginJar : add fmc
2024-09-10 20:34:23,229 [INFO] IPUIPlugin:80 - create IPUIPlugin
2024-09-10 20:34:23,229 [INFO] PluginManager:220 - loadIPPluginJar : add freertos
2024-09-10 20:34:23,246 [INFO] IPUIPlugin:80 - create IPUIPlugin
2024-09-10 20:34:23,246 [INFO] PluginManager:220 - loadIPPluginJar : add genericplugin
2024-09-10 20:34:23,315 [INFO] IPUIPlugin:80 - create IPUIPlugin
2024-09-10 20:34:23,315 [INFO] PluginManager:220 - loadIPPluginJar : add gfxmmu
2024-09-10 20:34:23,428 [INFO] IPUIPlugin:80 - create IPUIPlugin
2024-09-10 20:34:23,428 [INFO] PluginManager:220 - loadIPPluginJar : add gic
2024-09-10 20:34:23,443 [INFO] IPUIPlugin:80 - create IPUIPlugin
2024-09-10 20:34:23,443 [INFO] PluginManager:220 - loadIPPluginJar : add gpio
2024-09-10 20:34:23,515 [INFO] IPUIPlugin:80 - create IPUIPlugin
2024-09-10 20:34:23,515 [INFO] PluginManager:220 - loadIPPluginJar : add gtzc
2024-09-10 20:34:23,541 [INFO] IPUIPlugin:80 - create IPUIPlugin
2024-09-10 20:34:23,541 [INFO] PluginManager:220 - loadIPPluginJar : add hash
2024-09-10 20:34:23,583 [INFO] IPUIPlugin:80 - create IPUIPlugin
2024-09-10 20:34:23,583 [INFO] PluginManager:220 - loadIPPluginJar : add i2c
2024-09-10 20:34:23,618 [INFO] IPUIPlugin:80 - create IPUIPlugin
2024-09-10 20:34:23,619 [INFO] PluginManager:220 - loadIPPluginJar : add i2s
2024-09-10 20:34:23,650 [INFO] IPUIPlugin:80 - create IPUIPlugin
2024-09-10 20:34:23,650 [INFO] PluginManager:220 - loadIPPluginJar : add i3c
2024-09-10 20:34:23,732 [INFO] IPUIPlugin:80 - create IPUIPlugin
2024-09-10 20:34:23,732 [INFO] PluginManager:220 - loadIPPluginJar : add ipddr
2024-09-10 20:34:23,801 [INFO] IPUIPlugin:80 - create IPUIPlugin
2024-09-10 20:34:23,801 [INFO] PluginManager:220 - loadIPPluginJar : add linkedlist
2024-09-10 20:34:23,830 [INFO] IPUIPlugin:80 - create IPUIPlugin
2024-09-10 20:34:23,831 [INFO] PluginManager:220 - loadIPPluginJar : add lorawan
2024-09-10 20:34:23,857 [INFO] IPUIPlugin:80 - create IPUIPlugin
2024-09-10 20:34:23,857 [INFO] PluginManager:220 - loadIPPluginJar : add ltdc
2024-09-10 20:34:23,868 [INFO] IPUIPlugin:80 - create IPUIPlugin
2024-09-10 20:34:23,868 [INFO] PluginManager:220 - loadIPPluginJar : add mdma
2024-09-10 20:34:23,877 [INFO] IPUIPlugin:80 - create IPUIPlugin
2024-09-10 20:34:23,877 [INFO] PluginManager:220 - loadIPPluginJar : add nvic
2024-09-10 20:34:23,905 [INFO] IPUIPlugin:80 - create IPUIPlugin
2024-09-10 20:34:23,906 [INFO] PluginManager:220 - loadIPPluginJar : add opamp
2024-09-10 20:34:23,950 [INFO] IPUIPlugin:80 - create IPUIPlugin
2024-09-10 20:34:23,950 [INFO] PluginManager:220 - loadIPPluginJar : add openamp
2024-09-10 20:34:23,982 [INFO] IPUIPlugin:80 - create IPUIPlugin
2024-09-10 20:34:23,983 [INFO] PluginManager:220 - loadIPPluginJar : add pdm2pcm
2024-09-10 20:34:23,996 [INFO] IPUIPlugin:80 - create IPUIPlugin
2024-09-10 20:34:23,998 [INFO] PluginManager:220 - loadIPPluginJar : add plateformsettings
2024-09-10 20:34:24,018 [INFO] IPUIPlugin:80 - create IPUIPlugin
2024-09-10 20:34:24,018 [INFO] PluginManager:220 - loadIPPluginJar : add quadspi
2024-09-10 20:34:24,041 [INFO] IPUIPlugin:80 - create IPUIPlugin
2024-09-10 20:34:24,042 [INFO] PluginManager:220 - loadIPPluginJar : add radio
2024-09-10 20:34:24,054 [INFO] IPUIPlugin:80 - create IPUIPlugin
2024-09-10 20:34:24,054 [INFO] PluginManager:220 - loadIPPluginJar : add resmgrutility
2024-09-10 20:34:24,094 [INFO] IPUIPlugin:80 - create IPUIPlugin
2024-09-10 20:34:24,094 [INFO] PluginManager:220 - loadIPPluginJar : add sai
2024-09-10 20:34:24,127 [INFO] IPUIPlugin:80 - create IPUIPlugin
2024-09-10 20:34:24,127 [INFO] PluginManager:220 - loadIPPluginJar : add spi
2024-09-10 20:34:24,189 [INFO] IPUIPlugin:80 - create IPUIPlugin
2024-09-10 20:34:24,189 [INFO] PluginManager:220 - loadIPPluginJar : add stm32_wpan
2024-09-10 20:34:24,212 [INFO] IPUIPlugin:80 - create IPUIPlugin
2024-09-10 20:34:24,212 [INFO] PluginManager:220 - loadIPPluginJar : add tim
2024-09-10 20:34:24,260 [INFO] IPUIPlugin:80 - create IPUIPlugin
2024-09-10 20:34:24,260 [INFO] PluginManager:220 - loadIPPluginJar : add touchsensing
2024-09-10 20:34:24,282 [INFO] IPUIPlugin:80 - create IPUIPlugin
2024-09-10 20:34:24,283 [INFO] PluginManager:220 - loadIPPluginJar : add tracer_emb
2024-09-10 20:34:24,304 [INFO] IPUIPlugin:80 - create IPUIPlugin
2024-09-10 20:34:24,304 [INFO] PluginManager:220 - loadIPPluginJar : add ts
2024-09-10 20:34:24,324 [INFO] IPUIPlugin:80 - create IPUIPlugin
2024-09-10 20:34:24,325 [INFO] PluginManager:220 - loadIPPluginJar : add tsc
2024-09-10 20:34:24,344 [INFO] IPUIPlugin:80 - create IPUIPlugin
2024-09-10 20:34:24,344 [INFO] PluginManager:220 - loadIPPluginJar : add ucpd
2024-09-10 20:34:24,384 [INFO] IPUIPlugin:80 - create IPUIPlugin
2024-09-10 20:34:24,384 [INFO] PluginManager:220 - loadIPPluginJar : add usart
2024-09-10 20:34:24,420 [INFO] IPUIPlugin:80 - create IPUIPlugin
2024-09-10 20:34:24,420 [INFO] PluginManager:220 - loadIPPluginJar : add usbx
2024-09-10 20:34:24,533 [INFO] CADModel:165 - CPN selected for project level
2024-09-10 20:34:24,533 [INFO] CADModel:114 - Register for checkConnection events
2024-09-10 20:34:24,533 [FATAL] Updater:334 - Updater called before beeing initialized
2024-09-10 20:34:24,534 [ERROR] CADModel:125 - Updater not yet initialized, retry later 
2024-09-10 20:34:24,629 [INFO] CADModel:165 - CPN selected for project level
2024-09-10 20:34:24,629 [INFO] CADModel:114 - Register for checkConnection events
2024-09-10 20:34:24,629 [FATAL] Updater:334 - Updater called before beeing initialized
2024-09-10 20:34:24,629 [ERROR] CADModel:125 - Updater not yet initialized, retry later 
2024-09-10 20:34:24,632 [FATAL] Updater:334 - Updater called before beeing initialized
2024-09-10 20:34:24,719 [FATAL] Updater:334 - Updater called before beeing initialized
2024-09-10 20:34:24,731 [INFO] DbMcusAds:53 - JSON generation date=Thu May 16 12:22:00 EEST 2024 (1715851320667)
2024-09-10 20:34:24,731 [FATAL] Updater:334 - Updater called before beeing initialized
2024-09-10 20:34:24,806 [WARN] DetailPanel:346 - Failed to get advertising image, set to default
2024-09-10 20:34:24,877 [FATAL] Updater:334 - Updater called before beeing initialized
2024-09-10 20:34:24,880 [FATAL] Updater:334 - Updater called before beeing initialized
2024-09-10 20:34:24,880 [FATAL] Updater:334 - Updater called before beeing initialized
2024-09-10 20:34:24,880 [WARN] DetailPanel:346 - Failed to get advertising image, set to default
2024-09-10 20:34:24,881 [FATAL] Updater:334 - Updater called before beeing initialized
2024-09-10 20:34:24,931 [ERROR] Updater:1164 - MainUpdater not yet initialized. External WinMGr cannot be set.
2024-09-10 20:34:24,942 [INFO] Updater:1100 - Updater Version found : 6.12.0
2024-09-10 20:34:24,962 [INFO] ApplicationProperties:184 - Using Application install path: O:\01. Programs\STMcube\STM32CubeIDE_1.14.0\STM32CubeIDE\plugins\com.st.stm32cube.common.mx_6.12.0.202406281431
2024-09-10 20:34:25,490 [INFO] ThirdPartyUpdaterWithRetryManager:70 - Updater plugin not ready yet. [2/15]
2024-09-10 20:34:28,391 [INFO] MainUpdater:2873 - connection check result : 10
2024-09-10 20:34:28,392 [INFO] MainUpdater:3567 - Updater definition file requires update
2024-09-10 20:34:28,393 [INFO] MainUpdater:290 - Updater Check For Update Now.
2024-09-10 20:34:28,393 [INFO] MicroXplorer:498 - Change Database Version : DB.6.0.120
2024-09-10 20:34:28,409 [INFO] McuFinderGlobals:63 - Set McuFinder mode to 2 (CubeIDE integrated)
2024-09-10 20:34:28,418 [INFO] UserAuth:417 - Internet connection configuration mode: 1
2024-09-10 20:34:28,442 [INFO] JxBrowserEngine:152 - Initiate JxBrowser Engine with user profile folder
2024-09-10 20:34:28,490 [WARN] MainUpdater:1194 - Updater busy. Cannot search thirdparties
2024-09-10 20:34:28,490 [INFO] ThirdPartyUpdaterWithRetryManager:96 - Updater plugin is busy. [1/15]
2024-09-10 20:34:30,823 [INFO] WebApp:167 - Instantiating new browser for Auth
2024-09-10 20:34:31,492 [WARN] MainUpdater:1194 - Updater busy. Cannot search thirdparties
2024-09-10 20:34:31,492 [INFO] ThirdPartyUpdaterWithRetryManager:96 - Updater plugin is busy. [2/15]
2024-09-10 20:34:31,814 [INFO] WebApp:448 - Apply proxy settings
2024-09-10 20:34:31,815 [INFO] WebApp:533 - Chromium requires no authentication
2024-09-10 20:34:31,820 [ERROR] ConfigurationRetriever:142 - IOException on connection: Read timed out
2024-09-10 20:34:31,834 [INFO] WebApp:476 - Direct internet connection detected
2024-09-10 20:34:31,870 [INFO] WebApp:869 - Register for checkConnection events
2024-09-10 20:34:31,870 [INFO] WebApp:448 - Apply proxy settings
2024-09-10 20:34:31,871 [INFO] WebApp:533 - Chromium requires no authentication
2024-09-10 20:34:31,871 [INFO] WebApp:476 - Direct internet connection detected
2024-09-10 20:34:32,108 [INFO] WebApp:220 - Starting web application
2024-09-10 20:34:32,108 [INFO] WebApp:578 - Web application path used O:\01. Programs\STMcube\STM32CubeIDE_1.14.0\STM32CubeIDE\plugins\com.st.stm32cube.common.mx_6.12.0.202406281431\db\plugins\mcufinder\reactClient1\index.html
2024-09-10 20:34:32,247 [INFO] UserAuth:417 - Internet connection configuration mode: 1
2024-09-10 20:34:33,389 [INFO] ServerAccessManage:473 - Download File updaters.zip
2024-09-10 20:34:34,493 [WARN] MainUpdater:1194 - Updater busy. Cannot search thirdparties
2024-09-10 20:34:34,493 [INFO] ThirdPartyUpdaterWithRetryManager:96 - Updater plugin is busy. [3/15]
2024-09-10 20:34:34,941 [ERROR] ConfigurationRetriever:142 - IOException on connection: Read timed out
2024-09-10 20:34:37,494 [WARN] MainUpdater:1194 - Updater busy. Cannot search thirdparties
2024-09-10 20:34:37,494 [INFO] ThirdPartyUpdaterWithRetryManager:96 - Updater plugin is busy. [4/15]
2024-09-10 20:34:39,073 [ERROR] ConfigurationRetriever:142 - IOException on connection: Read timed out
2024-09-10 20:34:40,495 [WARN] MainUpdater:1194 - Updater busy. Cannot search thirdparties
2024-09-10 20:34:40,495 [INFO] ThirdPartyUpdaterWithRetryManager:96 - Updater plugin is busy. [5/15]
2024-09-10 20:34:43,496 [WARN] MainUpdater:1194 - Updater busy. Cannot search thirdparties
2024-09-10 20:34:43,496 [INFO] ThirdPartyUpdaterWithRetryManager:96 - Updater plugin is busy. [6/15]
2024-09-10 20:34:44,074 [ERROR] ConfigurationRetriever:142 - IOException on connection: Connect timed out
2024-09-10 20:34:46,497 [WARN] MainUpdater:1194 - Updater busy. Cannot search thirdparties
2024-09-10 20:34:46,497 [INFO] ThirdPartyUpdaterWithRetryManager:96 - Updater plugin is busy. [7/15]
2024-09-10 20:34:49,498 [WARN] MainUpdater:1194 - Updater busy. Cannot search thirdparties
2024-09-10 20:34:49,498 [INFO] ThirdPartyUpdaterWithRetryManager:96 - Updater plugin is busy. [8/15]
2024-09-10 20:34:50,157 [INFO] FileExtend:240 - Unzip File : updaters.zip
2024-09-10 20:34:50,158 [INFO] FileExtend:255 - Standard Zip Deflate
2024-09-10 20:34:50,344 [INFO] WebApp:186 - Connection restablished
2024-09-10 20:34:52,500 [WARN] MainUpdater:1194 - Updater busy. Cannot search thirdparties
2024-09-10 20:34:52,500 [INFO] ThirdPartyUpdaterWithRetryManager:96 - Updater plugin is busy. [9/15]
2024-09-10 20:34:55,501 [WARN] MainUpdater:1194 - Updater busy. Cannot search thirdparties
2024-09-10 20:34:55,501 [INFO] ThirdPartyUpdaterWithRetryManager:96 - Updater plugin is busy. [10/15]
2024-09-10 20:34:58,502 [WARN] MainUpdater:1194 - Updater busy. Cannot search thirdparties
2024-09-10 20:34:58,502 [INFO] ThirdPartyUpdaterWithRetryManager:96 - Updater plugin is busy. [11/15]
2024-09-10 20:34:59,260 [INFO] ServerAccessManage:473 - Download File PacksControlFlags.xml
2024-09-10 20:35:01,100 [INFO] ServerAccessManage:473 - Download File cubemx.pidx
2024-09-10 20:35:01,504 [WARN] MainUpdater:1194 - Updater busy. Cannot search thirdparties
2024-09-10 20:35:01,504 [INFO] ThirdPartyUpdaterWithRetryManager:96 - Updater plugin is busy. [12/15]
2024-09-10 20:35:02,333 [INFO] ServerAccessManage:473 - Download File STMicroelectronics.X-CUBE-GNSS1.pdsc
2024-09-10 20:35:04,505 [WARN] MainUpdater:1194 - Updater busy. Cannot search thirdparties
2024-09-10 20:35:04,505 [INFO] ThirdPartyUpdaterWithRetryManager:96 - Updater plugin is busy. [13/15]
2024-09-10 20:35:07,505 [WARN] MainUpdater:1194 - Updater busy. Cannot search thirdparties
2024-09-10 20:35:07,505 [INFO] ThirdPartyUpdaterWithRetryManager:96 - Updater plugin is busy. [14/15]
2024-09-10 20:35:09,116 [ERROR] ServerAccessManage:1089 - Problem, file not found on Server
2024-09-10 20:35:09,526 [ERROR] ServerAccessManage:1089 - Problem, file not found on Server
2024-09-10 20:35:10,508 [WARN] MainUpdater:1194 - Updater busy. Cannot search thirdparties
2024-09-10 20:35:10,508 [INFO] ThirdPartyUpdaterWithRetryManager:96 - Updater plugin is busy. [15/15]
2024-09-10 20:35:10,508 [ERROR] IntegrityCheckThread:130 - Cannot retrieve database content from updater: error -1
2024-09-10 20:35:10,508 [INFO] ThirdParty:978 - Integrity check success = false
2024-09-10 20:35:10,508 [INFO] IntegrityCheckThread:100 - exiting critical section [integrity check]
2024-09-10 20:35:10,509 [INFO] IntegrityCheckThread:103 - End integrity checks thread
2024-09-10 20:35:10,674 [ERROR] ServerAccessManage:1089 - Problem, file not found on Server
2024-09-10 20:35:10,944 [ERROR] ServerAccessManage:1089 - Problem, file not found on Server
2024-09-10 20:35:11,385 [ERROR] ServerAccessManage:1089 - Problem, file not found on Server
2024-09-10 20:35:12,050 [ERROR] ServerAccessManage:1089 - Problem, file not found on Server
2024-09-10 20:35:12,816 [WARN] PackLoader:240 - Cannot read IP mode file for STMicroelectronics.X-CUBE-GNSS1.7.0.0
2024-09-10 20:35:12,820 [INFO] PopulateThirdPartyThread:66 - Ending populate Thread
2024-09-10 20:35:12,823 [INFO] ThirdParty:1030 - CMSIS Pack Vendor :STMicroelectronics X-CUBE-GNSS1 7.0.0
2024-09-10 20:35:12,824 [INFO] LoadServerUpdatesThread:375 - End of LoadServerUpdate Thread
2024-09-10 20:35:12,921 [INFO] CheckServerUpdateThread:120 - End of CheckServer Thread
2024-09-10 20:40:23,393 [ERROR] AdobePublisher:162 - Exception while opening the connection: java.net.SocketTimeoutException: Read timed out
2024-09-10 20:40:25,394 [ERROR] AdobePublisher:162 - Exception while opening the connection: java.net.SocketTimeoutException: Connect timed out
2024-09-10 20:40:27,395 [ERROR] AdobePublisher:162 - Exception while opening the connection: java.net.SocketTimeoutException: Connect timed out
2024-09-10 20:40:29,397 [ERROR] AdobePublisher:162 - Exception while opening the connection: java.net.SocketTimeoutException: Connect timed out
2024-09-10 20:40:31,398 [ERROR] AdobePublisher:162 - Exception while opening the connection: java.net.SocketTimeoutException: Connect timed out
2024-09-10 20:40:33,428 [ERROR] AdobePublisher:162 - Exception while opening the connection: java.net.SocketTimeoutException: Connect timed out
2024-09-10 20:40:35,430 [ERROR] AdobePublisher:162 - Exception while opening the connection: java.net.SocketTimeoutException: Connect timed out
2024-09-10 20:40:37,431 [ERROR] AdobePublisher:162 - Exception while opening the connection: java.net.SocketTimeoutException: Connect timed out
2024-09-10 20:40:39,433 [ERROR] AdobePublisher:162 - Exception while opening the connection: java.net.SocketTimeoutException: Connect timed out
2024-09-10 20:40:41,435 [ERROR] AdobePublisher:162 - Exception while opening the connection: java.net.SocketTimeoutException: Connect timed out
2024-09-10 20:40:42,101 [ERROR] LogOutputStream:75 - [STDERR_REDIRECT] 
